First:

Weight: 
[3.272500] [1.352275] [-0.586871]
[-3.594775] [-2.323984] [9.807123]
[-2.469863] [-3.816950] [2.245247]
[5.527818] [-1.312601] [-2.052370]

Bias : 
[-9.340800]
[-9.079562]
[-4.673910]
[-4.601276]
-----------------------------
Final:

Epoch:6

Weight: 
[10.198300] [52.185875] [45.633529]
[-30.345175] [9.456216] [-38.591977]
[-9.689763] [-54.173150] [48.705947]
[19.853618] [-6.016901] [-36.942470]

Bias : 
[-118.340800]
[-39.079562]
[-85.673910]
[-81.601276]
-----------------------------
1: ?
2: P
3: B
4: ?
5: P
6: W
7: O
8: P
9: O
10: O
11: W
12: B
13: B
14: O
15: P
16: P
17: B
18: W
19: B
20: O
21: B
22: P
23: B
24: W
25: O
26: O
27: O
28: B
29: O
30: W
31: W
32: W
33: O
34: B
35: P
36: W
37: P
38: P
39: W
40: P
