First:

Weight: 
[6.099124] [3.867611] [0.469680]
[2.686544] [4.719077] [8.307443]

Bias : 
[-8.710288]
[2.689596]
-----------------------------
Final:

Epoch:2

Weight: 
[1.170324] [1.429211] [-59.500420]
[-13.077956] [-14.153123] [4.493343]

Bias : 
[2.289712]
[3.689596]
-----------------------------
1: W
2: P
3: B
4: B
5: P
6: W
7: O
8: P
9: O
10: O
11: W
12: B
13: B
14: O
15: P
16: P
17: B
18: W
19: B
20: O
21: B
22: P
23: B
24: W
25: O
26: O
27: O
28: B
29: O
30: W
31: W
32: W
33: O
34: B
35: P
36: W
37: P
38: P
39: W
40: P
