First:

Weight: 
[3.595386] [4.122135]
[5.768303] [-4.287545]
[-2.450331] [-1.930296]
[5.280007] [6.743675]

Bias : 
[-5.139622]
[-2.374645]
[4.062929]
[2.302622]
-----------------------------
Final:

Epoch:2

Weight: 
[2.624986] [13.608135]
[-6.045997] [2.900755]
[-1.412531] [-7.635496]
[5.229307] [-2.077125]

Bias : 
[-57.139622]
[-40.374645]
[-44.937071]
[-45.697378]
-----------------------------
1: W
2: P
3: B
4: B
5: P
6: W
7: O
8: P
9: O
10: O
11: W
12: B
13: B
14: ?
15: P
16: ?
17: B
18: W
19: B
20: O
21: B
22: ?
23: B
24: W
25: O
26: O
27: O
28: B
29: O
30: W
31: W
32: W
33: O
34: B
35: P
36: W
37: P
38: P
39: W
40: P
